<?xml version="1.0" encoding="UTF-8"?>
<!-- Generated by org.testng.reporters.JUnitReportReporter -->
<testsuite hostname="Homelaptop" failures="0" tests="1" name="testCases.TC_002_LoginTest" time="0.938" errors="0" timestamp="2023-08-09T01:38:54 IST" skipped="0">
  <testcase classname="testCases.TC_002_LoginTest" name="test_Login" time="0.938"/>
  <system-out/>
</testsuite> <!-- testCases.TC_002_LoginTest -->
