<?xml version="1.0" encoding="UTF-8"?>
<!-- Generated by org.testng.reporters.JUnitReportReporter -->
<testsuite hostname="Homelaptop" failures="0" tests="1" name="testCases.TC_001_AccountRegistrationTest" time="5.381" errors="0" timestamp="2023-08-09T01:38:54 IST" skipped="0">
  <testcase classname="testCases.TC_001_AccountRegistrationTest" name="test_account_Registration" time="5.381"/>
  <system-out/>
</testsuite> <!-- testCases.TC_001_AccountRegistrationTest -->
